{"timestamp": "2026-03-30T15:58:27.375923Z", "order_number": "S02/143559", "status": "success", "b4b_order_id": "1d2d822b-5fba-4cb5-bffb-ed6af2d282e7", "invoice_status": "generated"}
{"timestamp": "2026-03-30T15:58:40.917124Z", "order_number": "S02/143560", "status": "success", "b4b_order_id": "12316e05-edbe-46c4-9469-0e4d8a545db9", "invoice_status": "generated"}
{"timestamp": "2026-03-30T15:58:42.433558Z", "order_number": "S02/143604", "status": "success", "b4b_order_id": "75ea8b1b-67f9-4ad8-8831-027502a57970", "invoice_status": "generated"}
{"timestamp": "2026-03-30T15:58:43.920477Z", "order_number": "S02/143616", "status": "success", "b4b_order_id": "ebba87ef-1741-4d31-a67a-bbbdeeedd245", "invoice_status": "generated"}
{"timestamp": "2026-03-30T15:58:46.362279Z", "order_number": "S02/143637", "status": "success", "b4b_order_id": "78fa5b11-91b4-495c-8a13-f76f785705a6", "invoice_status": "generated"}
{"timestamp": "2026-03-30T15:58:48.079812Z", "order_number": "S02/143551", "status": "success", "b4b_order_id": "926f46eb-20d2-4a78-b73c-40c926db18be", "invoice_status": "generated"}
{"timestamp": "2026-03-30T15:58:49.538728Z", "order_number": "S02/143552", "status": "success", "b4b_order_id": "bdb17521-7406-438f-ac68-3fa452506805", "invoice_status": "generated"}
{"timestamp": "2026-03-30T15:58:52.400488Z", "order_number": "S02/143554", "status": "success", "b4b_order_id": "fea8af77-cfdf-4b75-a124-104bc67d358c", "invoice_status": "generated"}
{"timestamp": "2026-03-30T15:58:53.792264Z", "order_number": "S02/143555", "status": "success", "b4b_order_id": "5e1eaf4b-c9ba-4c62-b11c-38480366400a", "invoice_status": "generated"}
{"timestamp": "2026-03-30T15:58:55.342214Z", "order_number": "S02/143562", "status": "success", "b4b_order_id": "facb7af6-afe5-4c18-a51e-89ae4d7a01b3", "invoice_status": "generated"}
{"timestamp": "2026-03-30T15:58:57.626861Z", "order_number": "S02/143565", "status": "success", "b4b_order_id": "862eddb6-fadf-4492-9641-851df86df782", "invoice_status": "generated"}
{"timestamp": "2026-03-30T15:58:59.042218Z", "order_number": "S02/143566", "status": "success", "b4b_order_id": "dfd8c098-c64f-4e5e-846f-cefb5a52a663", "invoice_status": "generated"}
{"timestamp": "2026-03-30T15:59:01.368647Z", "order_number": "S02/143571", "status": "success", "b4b_order_id": "775bbf4c-7ffd-4f23-ab10-b3b4d7cf57f2", "invoice_status": "generated"}
{"timestamp": "2026-03-30T15:59:02.766354Z", "order_number": "S02/143573", "status": "success", "b4b_order_id": "11170192-ecbb-446c-aa87-026926d10b4a", "invoice_status": "generated"}
{"timestamp": "2026-03-30T15:59:04.251805Z", "order_number": "S02/143574", "status": "success", "b4b_order_id": "abc43134-52a8-490f-8858-ff3670ade078", "invoice_status": "generated"}
{"timestamp": "2026-03-30T15:59:06.486069Z", "order_number": "/", "status": "failed", "b4b_order_id": null, "invoice_status": null, "error": "400: {\"detail\":\"Order number '/' already exists for this entity\"}"}
{"timestamp": "2026-03-30T15:59:06.936420Z", "order_number": "S02/143577", "status": "success", "b4b_order_id": "2cf680cb-c3c3-4def-b209-abe52aedf0e4", "invoice_status": "generated"}
{"timestamp": "2026-03-30T15:59:08.365234Z", "order_number": "S02/143582", "status": "success", "b4b_order_id": "d6061c38-ad68-46d3-9057-ceed27bc177b", "invoice_status": "generated"}
{"timestamp": "2026-03-30T15:59:09.955377Z", "order_number": "S02/143583", "status": "success", "b4b_order_id": "6b0e813e-bf6a-445f-afab-5749a6cb4308", "invoice_status": "generated"}
{"timestamp": "2026-03-30T15:59:11.404174Z", "order_number": "S02/143585", "status": "success", "b4b_order_id": "977e98ed-8eb5-4eb6-a6b5-2fdd8385be42", "invoice_status": "generated"}
{"timestamp": "2026-03-30T15:59:12.832567Z", "order_number": "S02/143590", "status": "success", "b4b_order_id": "997731d6-1965-45ad-8086-83a1ef2c0ca8", "invoice_status": "generated"}
{"timestamp": "2026-03-30T15:59:14.326862Z", "order_number": "S02/143592", "status": "success", "b4b_order_id": "9942f9c0-acd5-439e-a85c-c4511a94d642", "invoice_status": "generated"}
{"timestamp": "2026-03-30T15:59:16.216897Z", "order_number": "S02/143594", "status": "success", "b4b_order_id": "16e80536-1111-4f44-ade9-4e22da4d4bdb", "invoice_status": "generated"}
{"timestamp": "2026-03-30T15:59:17.779692Z", "order_number": "S02/143597", "status": "success", "b4b_order_id": "9be7f12b-a33c-416b-878a-2f6715727a9d", "invoice_status": "generated"}
{"timestamp": "2026-03-30T15:59:19.183617Z", "order_number": "S02/143598", "status": "success", "b4b_order_id": "9267357a-8b3e-498a-96b3-8229570fb184", "invoice_status": "generated"}
{"timestamp": "2026-03-30T15:59:20.620090Z", "order_number": "S02/143600", "status": "success", "b4b_order_id": "b151825f-e75e-471b-8131-ae406b68c065", "invoice_status": "generated"}
{"timestamp": "2026-03-30T15:59:22.062271Z", "order_number": "S02/143601", "status": "success", "b4b_order_id": "a31187c0-f2ee-492a-8cf0-7ad3b5772fe1", "invoice_status": "generated"}
{"timestamp": "2026-03-30T15:59:24.049672Z", "order_number": "S02/143608", "status": "success", "b4b_order_id": "efad74ce-fea0-4f7d-be73-431a86f605c1", "invoice_status": "generated"}
{"timestamp": "2026-03-30T15:59:25.492976Z", "order_number": "S02/143615", "status": "success", "b4b_order_id": "9f21ddc0-9172-43ae-a97c-9ccc2f3f6892", "invoice_status": "generated"}
{"timestamp": "2026-03-30T15:59:27.158413Z", "order_number": "S02/143621", "status": "success", "b4b_order_id": "85be3113-0090-47ef-9787-31ae311e602e", "invoice_status": "generated"}
{"timestamp": "2026-03-30T15:59:28.615735Z", "order_number": "S02/143622", "status": "success", "b4b_order_id": "ba4e4274-b323-4176-b270-00205b1df9ea", "invoice_status": "generated"}
{"timestamp": "2026-03-30T15:59:30.054972Z", "order_number": "S02/143623", "status": "success", "b4b_order_id": "fcc4e0cc-8be5-4819-88c3-fefe9f6daafd", "invoice_status": "generated"}
{"timestamp": "2026-03-30T15:59:31.778931Z", "order_number": "S02/143631", "status": "success", "b4b_order_id": "7c976a3e-37ae-4036-bb5b-07ff8b46f41c", "invoice_status": "generated"}
{"timestamp": "2026-03-30T15:59:33.315938Z", "order_number": "S02/143632", "status": "success", "b4b_order_id": "e97e0987-e4c1-4dd1-8847-9d2be51b8c55", "invoice_status": "generated"}
{"timestamp": "2026-03-30T15:59:35.350717Z", "order_number": "S02/143635", "status": "success", "b4b_order_id": "853f9bef-8268-404e-919d-79a9bd555783", "invoice_status": "generated"}
{"timestamp": "2026-03-30T15:59:36.889390Z", "order_number": "S02/143639", "status": "success", "b4b_order_id": "7e28c1b8-17a9-43b1-a1b7-e3d57573016b", "invoice_status": "generated"}
